The system is: Windows - 10.0.17763 - AMD64
Compiling the C compiler identification source file "CMakeCCompilerId.c" succeeded.
Compiler: D:/vs community/VC/Tools/MSVC/14.23.28105/bin/HostX64/x64/cl.exe 
Build flags: 
Id flags:  

The output was:
0
用于 x64 的 Microsoft (R) C/C++ 优化编译器 19.23.28105.4 版
版权所有(C) Microsoft Corporation。保留所有权利。

CMakeCCompilerId.c
Microsoft (R) Incremental Linker Version 14.23.28105.4
Copyright (C) Microsoft Corporation.  All rights reserved.

/out:CMakeCCompilerId.exe 
CMakeCCompilerId.obj 


Compilation of the C compiler identification source "CMakeCCompilerId.c" produced "CMakeCCompilerId.exe"

Compilation of the C compiler identification source "CMakeCCompilerId.c" produced "CMakeCCompilerId.obj"

The C compiler identification is MSVC, found in "D:/UW/ece650/a2/x22yi/out/build/x64-Debug/CMakeFiles/3.15.19080502-MSVC_2/CompilerIdC/CMakeCCompilerId.exe"

Compiling the CXX compiler identification source file "CMakeCXXCompilerId.cpp" succeeded.
Compiler: D:/vs community/VC/Tools/MSVC/14.23.28105/bin/HostX64/x64/cl.exe 
Build flags: 
Id flags:  

The output was:
0
用于 x64 的 Microsoft (R) C/C++ 优化编译器 19.23.28105.4 版
版权所有(C) Microsoft Corporation。保留所有权利。

CMakeCXXCompilerId.cpp
Microsoft (R) Incremental Linker Version 14.23.28105.4
Copyright (C) Microsoft Corporation.  All rights reserved.

/out:CMakeCXXCompilerId.exe 
CMakeCXXCompilerId.obj 


Compilation of the CXX compiler identification source "CMakeCXXCompilerId.cpp" produced "CMakeCXXCompilerId.exe"

Compilation of the CXX compiler identification source "CMakeCXXCompilerId.cpp" produced "CMakeCXXCompilerId.obj"

The CXX compiler identification is MSVC, found in "D:/UW/ece650/a2/x22yi/out/build/x64-Debug/CMakeFiles/3.15.19080502-MSVC_2/CompilerIdCXX/CMakeCXXCompilerId.exe"

Determining if the C compiler works passed with the following output:
Change Dir: D:/UW/ece650/a2/x22yi/out/build/x64-Debug/CMakeFiles/CMakeTmp

Run Build Command(s):D:/vs community/Common7/IDE/CommonExtensions/Microsoft/CMake/Ninja/ninja.exe cmTC_40ff5 && [1/2] Building C object CMakeFiles\cmTC_40ff5.dir\testCCompiler.c.obj
[2/2] Linking C executable cmTC_40ff5.exe



Detecting C compiler ABI info compiled with the following output:
Change Dir: D:/UW/ece650/a2/x22yi/out/build/x64-Debug/CMakeFiles/CMakeTmp

Run Build Command(s):D:/vs community/Common7/IDE/CommonExtensions/Microsoft/CMake/Ninja/ninja.exe cmTC_32221 && [1/2] Building C object CMakeFiles\cmTC_32221.dir\CMakeCCompilerABI.c.obj
[2/2] Linking C executable cmTC_32221.exe



Determining if the CXX compiler works passed with the following output:
Change Dir: D:/UW/ece650/a2/x22yi/out/build/x64-Debug/CMakeFiles/CMakeTmp

Run Build Command(s):D:/vs community/Common7/IDE/CommonExtensions/Microsoft/CMake/Ninja/ninja.exe cmTC_7642e && [1/2] Building CXX object CMakeFiles\cmTC_7642e.dir\testCXXCompiler.cxx.obj
[2/2] Linking CXX executable cmTC_7642e.exe



Detecting CXX compiler ABI info compiled with the following output:
Change Dir: D:/UW/ece650/a2/x22yi/out/build/x64-Debug/CMakeFiles/CMakeTmp

Run Build Command(s):D:/vs community/Common7/IDE/CommonExtensions/Microsoft/CMake/Ninja/ninja.exe cmTC_da654 && [1/2] Building CXX object CMakeFiles\cmTC_da654.dir\CMakeCXXCompilerABI.cpp.obj
[2/2] Linking CXX executable cmTC_da654.exe



